{"message":"What rolls down stairs","level":"info"}
{"message":"alone or in pairs,","level":"info"}
{"message":"and over your neighbors dog?","level":"info"}
{"message":"Whats great for a snack,","level":"warn"}
{"message":"And fits on your back?","level":"info"}
{"message":"Its log, log, log","level":"error"}
{"message":"server.handler.begun","level":"info"}
{"message":"server.handler.failed","level":"info"}
{"message":"server.handler.begun","level":"info"}
{"message":"server.handler.begun","level":"info"}
{"message":"server.handler.begun","level":"info"}
{"message":"server.handler.begun","level":"info"}
{"message":"server.handler.failed","level":"info"}
{"message":"What rolls down stairs","level":"info"}
{"message":"alone or in pairs,","level":"info"}
{"message":"and over your neighbors dog?","level":"info"}
{"message":"Whats great for a snack,","level":"warn"}
{"message":"And fits on your back?","level":"info"}
{"message":"Its log, log, log","level":"error"}
{"message":"What rolls down stairs","level":"info"}
{"message":"alone or in pairs,","level":"info"}
{"message":"and over your neighbors dog?","level":"info"}
{"message":"Whats great for a snack,","level":"warn"}
{"message":"And fits on your back?","level":"info"}
{"message":"Its log, log, log","level":"error"}
{"message":"/","level":"info"}
{"message":"/blogs","level":"info"}
{"message":"/blogs/new","level":"info"}
{"message":"/","level":"info"}
{"message":"/blogs","level":"info"}
{"message":"/blogs/new","level":"info"}
2021-02-26T07:28:35.448Z [right meow!] info: What rolls down stairs
2021-02-26T07:28:35.449Z [right meow!] info: alone or in pairs,
2021-02-26T07:28:35.449Z [right meow!] info: and over your neighbors dog?
2021-02-26T07:28:35.450Z [right meow!] warn: Whats great for a snack,
2021-02-26T07:28:35.450Z [right meow!] info: And fits on your back?
2021-02-26T07:28:35.450Z [right meow!] error: Its log, log, log
2021-02-26T07:50:41.327Z [right meow!] info: What rolls down stairs
2021-02-26T07:50:41.329Z [right meow!] info: alone or in pairs,
2021-02-26T07:50:41.329Z [right meow!] info: and over your neighbors dog?
2021-02-26T07:50:41.329Z [right meow!] warn: Whats great for a snack,
2021-02-26T07:50:41.330Z [right meow!] info: And fits on your back?
2021-02-26T07:50:41.330Z [right meow!] error: Its log, log, log
2021-02-26T07:50:51.653Z [right meow!] info: /blogs/new
2021-02-26T07:50:53.819Z [right meow!] info: /
2021-02-26T07:50:53.830Z [right meow!] info: /blogs
2021-02-26T07:51:08.382Z [right meow!] info: /blogs/hglj
2021-02-26T07:51:08.389Z [right meow!] info: /blogs
2021-02-26T07:55:21.292Z [right meow!] info: /blogs
2021-02-26T07:55:22.093Z [right meow!] info: /favicon.ico
2021-02-26T08:06:44.223Z [right meow!] info: What rolls down stairs
2021-02-26T08:06:44.224Z [right meow!] info: alone or in pairs,
2021-02-26T08:06:44.225Z [right meow!] info: and over your neighbors dog?
2021-02-26T08:06:44.225Z [right meow!] warn: Whats great for a snack,
2021-02-26T08:06:44.225Z [right meow!] info: And fits on your back?
2021-02-26T08:06:44.225Z [right meow!] error: Its log, log, log
{"message":"What rolls down stairs","level":"info"}
{"message":"alone or in pairs,","level":"info"}
{"message":"and over your neighbors dog?","level":"info"}
{"message":"Whats great for a snack,","level":"warn"}
{"message":"And fits on your back?","level":"info"}
{"message":"Its log, log, log","level":"error"}
{"message":"server.handler.begun","level":"info"}
{"message":"server.handler.begun","level":"info"}
{"message":"server.handler.failed","level":"info"}
{"message":"What rolls down stairs","level":"info"}
{"message":"alone or in pairs,","level":"info"}
{"message":"and over your neighbors dog?","level":"info"}
{"message":"Whats great for a snack,","level":"warn"}
{"message":"And fits on your back?","level":"info"}
{"message":"Its log, log, log","level":"error"}
{"message":"What rolls down stairs","level":"info"}
{"message":"alone or in pairs,","level":"info"}
{"message":"and over your neighbors dog?","level":"info"}
{"message":"Whats great for a snack,","level":"warn"}
{"message":"And fits on your back?","level":"info"}
{"message":"Its log, log, log","level":"error"}
2021-02-27T13:36:01.906Z [right meow!] info: What rolls down stairs
2021-02-27T13:36:01.908Z [right meow!] info: alone or in pairs,
2021-02-27T13:36:01.909Z [right meow!] info: and over your neighbors dog?
2021-02-27T13:36:01.909Z [right meow!] warn: Whats great for a snack,
2021-02-27T13:36:01.909Z [right meow!] info: And fits on your back?
2021-02-27T13:36:01.909Z [right meow!] error: Its log, log, log
2021-02-27T14:29:42.455Z [right meow!] info: What rolls down stairs
2021-02-27T14:29:42.457Z [right meow!] info: alone or in pairs,
2021-02-27T14:29:42.457Z [right meow!] info: and over your neighbors dog?
2021-02-27T14:29:42.457Z [right meow!] warn: Whats great for a snack,
2021-02-27T14:29:42.457Z [right meow!] info: And fits on your back?
2021-02-27T14:29:42.457Z [right meow!] error: Its log, log, log
2021-02-27T14:30:09.749Z [right meow!] info: What rolls down stairs
2021-02-27T14:30:09.751Z [right meow!] info: alone or in pairs,
2021-02-27T14:30:09.751Z [right meow!] info: and over your neighbors dog?
2021-02-27T14:30:09.751Z [right meow!] warn: Whats great for a snack,
2021-02-27T14:30:09.751Z [right meow!] info: And fits on your back?
2021-02-27T14:30:09.751Z [right meow!] error: Its log, log, log
2021-02-27T14:41:22.965Z [right meow!] info: What rolls down stairs
2021-02-27T14:41:22.967Z [right meow!] info: alone or in pairs,
2021-02-27T14:41:22.967Z [right meow!] info: and over your neighbors dog?
2021-02-27T14:41:22.967Z [right meow!] warn: Whats great for a snack,
2021-02-27T14:41:22.967Z [right meow!] info: And fits on your back?
2021-02-27T14:41:22.967Z [right meow!] error: Its log, log, log
2021-02-27T14:48:04.566Z [right meow!] info: What rolls down stairs
2021-02-27T14:48:04.567Z [right meow!] info: alone or in pairs,
2021-02-27T14:48:04.568Z [right meow!] info: and over your neighbors dog?
2021-02-27T14:48:04.568Z [right meow!] warn: Whats great for a snack,
2021-02-27T14:48:04.568Z [right meow!] info: And fits on your back?
2021-02-27T14:48:04.568Z [right meow!] error: Its log, log, log
2021-02-27T14:48:11.191Z [right meow!] info: /login
2021-02-27T14:48:16.871Z [right meow!] info: /login
2021-02-27T14:48:25.350Z [right meow!] info: /
2021-02-27T14:48:25.369Z [right meow!] info: /blogs
2021-02-27T14:49:18.830Z [right meow!] info: /
2021-02-27T14:49:18.840Z [right meow!] info: /blogs
2021-02-27T14:49:22.423Z [right meow!] info: /
2021-02-27T14:49:22.427Z [right meow!] info: /blogs
2021-02-27T14:49:24.687Z [right meow!] info: /blogs/new
2021-02-27T14:49:48.675Z [right meow!] info: /blogs/new
2021-02-27T14:51:24.751Z [right meow!] info: What rolls down stairs
2021-02-27T14:51:24.753Z [right meow!] info: alone or in pairs,
2021-02-27T14:51:24.753Z [right meow!] info: and over your neighbors dog?
2021-02-27T14:51:24.753Z [right meow!] warn: Whats great for a snack,
2021-02-27T14:51:24.753Z [right meow!] info: And fits on your back?
2021-02-27T14:51:24.754Z [right meow!] error: Its log, log, log
2021-02-27T14:51:30.624Z [right meow!] info: /blogs/new
2021-02-27T14:52:52.805Z [right meow!] info: What rolls down stairs
2021-02-27T14:52:52.807Z [right meow!] info: alone or in pairs,
2021-02-27T14:52:52.807Z [right meow!] info: and over your neighbors dog?
2021-02-27T14:52:52.807Z [right meow!] warn: Whats great for a snack,
2021-02-27T14:52:52.807Z [right meow!] info: And fits on your back?
2021-02-27T14:52:52.807Z [right meow!] error: Its log, log, log
2021-02-27T14:52:57.726Z [right meow!] info: /blogs/new
2021-02-27T14:53:04.086Z [right meow!] info: /
2021-02-27T14:53:04.098Z [right meow!] info: /blogs
2021-02-27T14:53:12.802Z [right meow!] info: /blogs
2021-02-27T14:53:51.993Z [right meow!] info: /blogs/new
2021-02-27T15:01:18.170Z [right meow!] info: What rolls down stairs
2021-02-27T15:01:18.172Z [right meow!] info: alone or in pairs,
2021-02-27T15:01:18.172Z [right meow!] info: and over your neighbors dog?
2021-02-27T15:01:18.172Z [right meow!] warn: Whats great for a snack,
2021-02-27T15:01:18.172Z [right meow!] info: And fits on your back?
2021-02-27T15:01:18.172Z [right meow!] error: Its log, log, log
2021-02-27T15:01:26.701Z [right meow!] info: /blogs
2021-02-27T15:06:01.372Z [right meow!] info: What rolls down stairs
2021-02-27T15:06:01.374Z [right meow!] info: alone or in pairs,
2021-02-27T15:06:01.374Z [right meow!] info: and over your neighbors dog?
2021-02-27T15:06:01.374Z [right meow!] warn: Whats great for a snack,
2021-02-27T15:06:01.375Z [right meow!] info: And fits on your back?
2021-02-27T15:06:01.375Z [right meow!] error: Its log, log, log
2021-02-27T15:06:11.290Z [right meow!] info: /blogs/new
2021-02-27T15:06:51.616Z [right meow!] info: /blogs/new
2021-02-27T15:06:51.781Z [right meow!] info: /favicon.ico
2021-02-27T15:14:03.331Z [right meow!] info: /
2021-02-27T15:14:03.349Z [right meow!] info: /blogs
2021-02-27T15:14:44.939Z [right meow!] info: /blogs
2021-02-27T15:18:01.853Z [right meow!] info: What rolls down stairs
2021-02-27T15:18:01.855Z [right meow!] info: alone or in pairs,
2021-02-27T15:18:01.855Z [right meow!] info: and over your neighbors dog?
2021-02-27T15:18:01.855Z [right meow!] warn: Whats great for a snack,
2021-02-27T15:18:01.855Z [right meow!] info: And fits on your back?
2021-02-27T15:18:01.855Z [right meow!] error: Its log, log, log
2021-02-27T15:18:14.306Z [right meow!] info: /
2021-02-27T15:18:14.314Z [right meow!] info: /blogs
2021-02-27T15:18:15.382Z [right meow!] info: /
2021-02-27T15:18:15.387Z [right meow!] info: /blogs
2021-02-27T15:20:17.557Z [right meow!] info: What rolls down stairs
2021-02-27T15:20:17.559Z [right meow!] info: alone or in pairs,
2021-02-27T15:20:17.559Z [right meow!] info: and over your neighbors dog?
2021-02-27T15:20:17.559Z [right meow!] warn: Whats great for a snack,
2021-02-27T15:20:17.559Z [right meow!] info: And fits on your back?
2021-02-27T15:20:17.559Z [right meow!] error: Its log, log, log
2021-02-27T15:20:25.304Z [right meow!] info: /
2021-02-27T15:20:25.315Z [right meow!] info: /blogs
2021-02-28T13:30:42.484Z [right meow!] info: What rolls down stairs
2021-02-28T13:30:42.486Z [right meow!] info: alone or in pairs,
2021-02-28T13:30:42.486Z [right meow!] info: and over your neighbors dog?
2021-02-28T13:30:42.486Z [right meow!] warn: Whats great for a snack,
2021-02-28T13:30:42.486Z [right meow!] info: And fits on your back?
2021-02-28T13:30:42.486Z [right meow!] error: Its log, log, log
2021-02-28T13:30:54.336Z [right meow!] info: /
2021-02-28T13:30:54.344Z [right meow!] info: /blogs
2021-02-28T13:30:54.606Z [right meow!] info: /favicon.ico
2021-02-28T13:35:27.292Z [right meow!] info: What rolls down stairs
2021-02-28T13:35:27.295Z [right meow!] info: alone or in pairs,
2021-02-28T13:35:27.295Z [right meow!] info: and over your neighbors dog?
2021-02-28T13:35:27.295Z [right meow!] warn: Whats great for a snack,
2021-02-28T13:35:27.295Z [right meow!] info: And fits on your back?
2021-02-28T13:35:27.295Z [right meow!] error: Its log, log, log
2021-02-28T13:35:40.905Z [right meow!] info: /
2021-02-28T13:35:40.913Z [right meow!] info: /blogs
